number,value,datetime_start,datetime_complete,duration,params_alpha,params_base_channels,params_batch_size,params_latent_channels,params_lr,system_attrs_tpe:relative_params:0,state
0,0.556072860956192,2026-10-04 11:07:26.919863,2026-10-04 11:15:06.862304,0 days 00:07:39.942441,0.9364594334728974,32,16,64,0.0003574712922600243,,COMPLETE
1,0.5244894524415334,2026-10-04 11:15:07.331885,2026-10-04 11:19:18.826867,0 days 00:04:11.494982,0.6648628294821612,16,16,16,0.0016967533607196547,,COMPLETE
2,0.4977964063485463,2026-10-04 11:19:19.266902,2026-10-04 11:32:08.916204,0 days 00:12:49.649302,0.8637788066524075,48,16,32,0.000471705203762518,,COMPLETE
3,0.5150584479173025,2026-10-04 11:32:09.382105,2026-10-04 11:39:25.197386,0 days 00:07:15.815281,0.7340306095300149,32,32,64,0.00028180680291847244,,COMPLETE
4,0.5051439528663954,2026-10-04 11:39:25.650987,2026-10-04 11:46:36.475932,0 days 00:07:10.824945,0.646398648843469,32,32,8,0.000642033033629786,,COMPLETE
5,0.4945070991913478,2026-10-04 11:46:36.918512,2026-10-04 11:53:48.780791,0 days 00:07:11.862279,0.5894220566903776,32,32,64,0.00037507963596256056,,COMPLETE
6,0.6196420788764954,2026-10-04 11:53:49.227940,2026-10-04 11:56:32.212599,0 days 00:02:42.984659,0.8600891445403801,32,32,16,0.0010672112706919764,"{""alpha"": 0.8600891445403801, ""base_channels"": 32, ""batch_size"": 32, ""latent_channels"": 16, ""lr"": 0.0010672112706919764}",PRUNED
7,0.6538936272263527,2026-10-04 11:56:32.656268,2026-10-04 11:59:25.318127,0 days 00:02:52.661859,0.5464294616849911,32,64,32,0.00014044321760713652,"{""alpha"": 0.5464294616849911, ""base_channels"": 32, ""batch_size"": 64, ""latent_channels"": 32, ""lr"": 0.00014044321760713652}",PRUNED
8,0.5969523414969444,2026-10-04 11:59:25.765711,2026-10-04 12:01:00.381400,0 days 00:01:34.615689,0.5044306355400219,16,32,64,0.0011381780693678505,"{""alpha"": 0.5044306355400219, ""base_channels"": 16, ""batch_size"": 32, ""latent_channels"": 64, ""lr"": 0.0011381780693678505}",PRUNED
9,0.5932867477337519,2026-10-04 12:01:00.823374,2026-10-04 12:05:50.278004,0 days 00:04:49.454630,0.5521223658443974,48,32,8,0.00010547265329292824,"{""alpha"": 0.5521223658443974, ""base_channels"": 48, ""batch_size"": 32, ""latent_channels"": 8, ""lr"": 0.00010547265329292824}",PRUNED
10,0.6028449262181917,2026-10-04 12:05:50.707161,2026-10-04 12:08:38.108403,0 days 00:02:47.401242,0.6033076116684224,32,32,32,0.0028555279562362023,"{""alpha"": 0.6033076116684224, ""base_channels"": 32, ""batch_size"": 32, ""latent_channels"": 32, ""lr"": 0.0028555279562362023}",PRUNED
11,0.48181426028410596,2026-10-04 12:08:38.691319,2026-10-04 12:21:14.583249,0 days 00:12:35.891930,0.7783377838606119,48,16,32,0.0004836396860825222,"{""alpha"": 0.7783377838606119, ""base_channels"": 48, ""batch_size"": 16, ""latent_channels"": 32, ""lr"": 0.0004836396860825222}",COMPLETE
12,0.46366115659475327,2026-10-04 12:21:15.015839,2026-10-04 12:33:49.176610,0 days 00:12:34.160771,0.6330949809888273,48,16,16,0.00023734453622337002,"{""alpha"": 0.6330949809888273, ""base_channels"": 48, ""batch_size"": 16, ""latent_channels"": 16, ""lr"": 0.00023734453622337002}",COMPLETE
13,0.49030062059561413,2026-10-04 12:33:49.720819,2026-10-04 12:46:17.148197,0 days 00:12:27.427378,0.6745659580324456,48,32,16,0.00027726688157440795,"{""alpha"": 0.6745659580324456, ""base_channels"": 48, ""batch_size"": 32, ""latent_channels"": 16, ""lr"": 0.00027726688157440795}",COMPLETE
14,0.455048864086469,2026-10-04 12:46:17.568602,2026-10-04 12:58:52.389122,0 days 00:12:34.820520,0.5264855710980522,48,16,16,0.0003125838887063886,"{""alpha"": 0.5264855710980522, ""base_channels"": 48, ""batch_size"": 16, ""latent_channels"": 16, ""lr"": 0.0003125838887063886}",COMPLETE
