number,value,datetime_start,datetime_complete,duration,params_base_channels,params_batch_size,params_dropout,params_lambda_l1,params_lr_d,params_lr_g,params_style_emb_dim,user_attrs_val_lpips,user_attrs_val_ssim,system_attrs_fixed_params,system_attrs_tpe:relative_params:0,state
0,0.8308171331882477,2026-10-04 09:23:37.257012,2026-10-04 09:27:49.970421,0 days 00:04:12.713409,64,8,0.5,100.0,0.0002,0.0002,8,0.2708247900009155,0.44000765681266785,"{'lr_g': 0.0002, 'lr_d': 0.0002, 'batch_size': 8, 'base_channels': 64, 'dropout': 0.5, 'style_emb_dim': 8, 'lambda_l1': 100.0}",,COMPLETE
1,0.8346366584300995,2026-10-04 09:27:50.423709,2026-10-04 09:34:37.223499,0 days 00:06:46.799790,64,4,0.3005575058716044,18.891200276189384,0.00042664981476167217,0.00011844319751820385,16,0.2573870122432709,0.4227503538131714,,,COMPLETE
2,1.0157557725906372,2026-10-04 09:34:37.722013,2026-10-04 09:37:45.386858,0 days 00:03:07.664845,48,8,0.14607232426760908,46.66963767236923,3.609262736961697e-05,7.59967415065491e-05,16,0.45334693789482117,0.43759116530418396,,,COMPLETE
3,0.9078109562397003,2026-10-04 09:37:45.778677,2026-10-04 09:41:24.875459,0 days 00:03:39.096782,48,4,0.15230688458668534,44.07984038169242,2.322549003905154e-05,0.00019560708142748483,8,0.368324339389801,0.4605133831501007,,,COMPLETE
4,1.1478756964206696,2026-10-04 09:41:25.272880,2026-10-04 09:42:38.965190,0 days 00:01:13.692310,48,8,0.4847923138822793,158.26541904647559,0.0003734266997106624,5.4120091907504824e-05,8,,,,,PRUNED
5,1.0904937386512756,2026-10-04 09:42:49.508135,2026-10-04 09:44:01.501904,0 days 00:01:11.993769,48,16,0.14046725484369038,192.29567074543374,3.7583937744669604e-05,6.130028679593765e-05,16,,,,,PRUNED
6,1.035843849182129,2026-10-04 09:44:12.077328,2026-10-04 09:45:26.053909,0 days 00:01:13.976581,48,8,0.1792328642721363,12.097379927033845,3.7916007214496084e-05,0.00029594756677318233,8,,,,,PRUNED
7,1.1016688346862793,2026-10-04 09:45:36.729292,2026-10-04 09:47:12.521018,0 days 00:01:35.791726,64,16,0.3803925243084487,35.995125264172316,5.696613722222484e-05,0.00010231806681740808,8,,,,,PRUNED
8,1.215319186449051,2026-10-04 09:47:23.090726,2026-10-04 09:48:35.442635,0 days 00:01:12.351909,48,8,0.20519146151781487,16.208907007203535,2.8304516331820607e-05,5.3013823894794384e-05,4,,,,,PRUNED
9,0.8249499499797821,2026-10-04 09:48:46.029328,2026-10-04 09:51:39.712045,0 days 00:02:53.682717,48,8,0.40372007758203127,35.94843964212238,0.0002696086402466435,0.0004252728490529761,4,0.24952071905136108,0.4184076189994812,,,COMPLETE
10,0.826663613319397,2026-10-04 09:51:40.110215,2026-10-04 09:54:33.819625,0 days 00:02:53.709410,48,8,0.18686640487677944,102.75683175812947,0.00038361105148177626,0.0002449635839338476,4,0.2600121796131134,0.43334856629371643,,"{""base_channels"": 48, ""batch_size"": 8, ""dropout"": 0.18686640487677944, ""lambda_l1"": 102.75683175812947, ""lr_d"": 0.00038361105148177626, ""lr_g"": 0.0002449635839338476, ""style_emb_dim"": 4}",COMPLETE
11,1.0057672262191772,2026-10-04 09:54:34.210395,2026-10-04 09:55:48.008233,0 days 00:01:13.797838,48,8,0.2261875573104351,54.139781569729294,9.761829363241264e-05,0.0003469988051867685,4,,,,"{""base_channels"": 48, ""batch_size"": 8, ""dropout"": 0.2261875573104351, ""lambda_l1"": 54.139781569729294, ""lr_d"": 9.761829363241264e-05, ""lr_g"": 0.0003469988051867685, ""style_emb_dim"": 4}",PRUNED
12,0.8122401833534241,2026-10-04 09:55:58.540354,2026-10-04 09:58:52.691157,0 days 00:02:54.150803,48,8,0.4322165582594886,23.342943449791612,0.0003787340625619012,0.0004776148201168527,4,0.23801112174987793,0.42577093839645386,,"{""base_channels"": 48, ""batch_size"": 8, ""dropout"": 0.4322165582594886, ""lambda_l1"": 23.342943449791612, ""lr_d"": 0.0003787340625619012, ""lr_g"": 0.0004776148201168527, ""style_emb_dim"": 4}",COMPLETE
13,0.8258883059024811,2026-10-04 09:58:53.099062,2026-10-04 10:01:46.875896,0 days 00:02:53.776834,48,8,0.47822253556693517,23.46484061310344,0.00027965829511974154,0.00035601188242815533,4,0.2458188533782959,0.41413524746894836,,"{""base_channels"": 48, ""batch_size"": 8, ""dropout"": 0.47822253556693517, ""lambda_l1"": 23.46484061310344, ""lr_d"": 0.00027965829511974154, ""lr_g"": 0.00035601188242815533, ""style_emb_dim"": 4}",COMPLETE
14,1.0662828385829926,2026-10-04 10:01:47.354582,2026-10-04 10:03:00.195582,0 days 00:01:12.841000,48,8,0.3605372323015997,12.9347889317142,0.0003065697133420151,0.0001246829231214832,4,,,,"{""base_channels"": 48, ""batch_size"": 8, ""dropout"": 0.3605372323015997, ""lambda_l1"": 12.9347889317142, ""lr_d"": 0.0003065697133420151, ""lr_g"": 0.0001246829231214832, ""style_emb_dim"": 4}",PRUNED
15,0.9617308080196381,2026-10-04 10:03:10.833386,2026-10-04 10:04:55.612348,0 days 00:01:44.778962,64,8,0.48431203063691874,103.35213169514982,0.00018437630360821107,0.00043220321309324046,4,,,,"{""base_channels"": 64, ""batch_size"": 8, ""dropout"": 0.48431203063691874, ""lambda_l1"": 103.35213169514982, ""lr_d"": 0.00018437630360821107, ""lr_g"": 0.00043220321309324046, ""style_emb_dim"": 4}",PRUNED
