number,value,datetime_start,datetime_complete,duration,params_lambda_bal,params_lambda_ce,params_lr_joint,params_recon_alpha,params_temperature,user_attrs_pruned_reason,user_attrs_route,user_attrs_val_ssim,system_attrs_fixed_params,system_attrs_tpe:relative_params:0,state
0,0.2620854154229164,2026-10-04 14:52:07.247899,2026-10-04 14:59:30.735420,0 days 00:07:23.487521,0.01,0.1,0.0001,0.8,1.0,,"[[0.9927403926849365, 0.0010152548784390092, 0.004983518272638321, 0.001260858727619052], [0.0007009021355770528, 0.9989989995956421, 0.00014805555110797286, 0.0001519778888905421], [0.03560082986950874, 2.066456181637477e-05, 0.9641782641410828, 0.00020024274999741465], [0.0016456646844744682, 1.5953422916936688e-05, 3.978885797550902e-05, 0.9982985854148865]]",0.7850808501243591,"{'lr_joint': 0.0001, 'temperature': 1.0, 'lambda_ce': 0.1, 'lambda_bal': 0.01, 'recon_alpha': 0.8}",,COMPLETE
1,0.24261707440018654,2026-10-04 14:59:31.119923,2026-10-04 15:06:58.071691,0 days 00:07:26.951768,0.06251373574521749,0.29106359131330695,3.574712922600245e-05,0.5702083881990965,2.678154091306088,,"[[0.9160804748535156, 0.00748815480619669, 0.044982168823480606, 0.03144921362400055], [0.048799317330121994, 0.8881760239601135, 0.04020746797323227, 0.022817159071564674], [0.1956237554550171, 0.01026232447475195, 0.7639821767807007, 0.03013172373175621], [0.16812144219875336, 0.0031883681658655405, 0.009206796996295452, 0.8194833993911743]]",0.8022472262382507,,,COMPLETE
2,0.2616095505654812,2026-10-04 15:06:58.458104,2026-10-04 15:14:25.627097,0 days 00:07:27.168993,0.06358358856676251,0.5399484409787431,1.6998978382700755e-05,0.8186326600082204,0.34292951628939655,,"[[0.9967255592346191, 0.0007494791061617434, 3.3366548450430855e-05, 0.002491589868441224], [4.1229879753357235e-12, 1.0, 1.787552709138821e-15, 8.360427286449937e-14], [0.04795675352215767, 2.2436132812719833e-12, 0.9520432949066162, 3.099697831743242e-09], [2.53312991844723e-05, 1.1389802295758145e-10, 3.11737777519e-13, 0.9999746084213257]]",0.7854512929916382,,,COMPLETE
3,0.2483399175107479,2026-10-04 15:14:26.024858,2026-10-04 15:21:53.214021,0 days 00:07:27.189163,0.004335281794951566,0.46225890010208287,1.072520974317199e-05,0.5818212352431953,2.7991818073277,,"[[0.9027447700500488, 0.011848393827676773, 0.051894426345825195, 0.0335124135017395], [0.018891053274273872, 0.948345959186554, 0.017978988587856293, 0.014784055761992931], [0.14103440940380096, 0.015541886910796165, 0.8165532946586609, 0.026870345696806908], [0.13822625577449799, 0.004774858243763447, 0.01608804613351822, 0.8409108519554138]]",0.7981107234954834,,,COMPLETE
4,0.2627369463443756,2026-10-04 15:21:53.602550,2026-10-04 15:29:20.059277,0 days 00:07:26.456727,0.01976218934028007,0.11207606211860566,1.8659959624904922e-05,0.6310531130891188,0.6044543365247597,,"[[0.9923735857009888, 2.4478877094225027e-05, 0.005395425017923117, 0.0022065730299800634], [1.1221685980444818e-07, 0.9999994039535522, 4.1039942999532286e-08, 4.89075944187789e-07], [0.023301569744944572, 3.5165037104434305e-08, 0.9766964912414551, 1.8661230569705367e-06], [0.015126165933907032, 1.021514108856536e-07, 3.222720624762587e-05, 0.9848414659500122]]",0.7845249772071838,,,COMPLETE
5,0.23920217901468277,2026-10-04 15:29:20.451034,2026-10-04 15:36:47.780621,0 days 00:07:27.329587,0.01256277350380703,0.03839629299804171,8.01273750399854e-05,0.7052314928976662,0.41363293858061295,,"[[0.999354898929596, 4.635053230117592e-08, 0.0006399454432539642, 5.09408437210368e-06], [6.342812071125081e-07, 0.9999993443489075, 1.602196375571907e-09, 1.6991830165125066e-10], [0.6828877925872803, 1.6557835991193315e-08, 0.3165874183177948, 0.0005248000379651785], [0.012216294184327126, 1.7586000711222738e-10, 8.722918209969066e-08, 0.987783670425415]]",0.8024231195449829,,,COMPLETE
6,0.27440643683075905,2026-10-04 15:36:48.158507,2026-10-04 15:42:33.978546,0 days 00:05:45.820039,0.05987474910461398,0.10677482709481352,0.00014447746112718684,0.520902685723999,0.4751109467735624,median,,,,,PRUNED
7,0.2575213611125946,2026-10-04 15:42:44.608784,2026-10-04 15:50:11.910661,0 days 00:07:27.301877,0.7025166339242155,0.013492834268013254,7.896186801026683e-05,0.9345344148835517,0.4442683535992555,,"[[0.9911250472068787, 9.632138926463085e-07, 0.00024463480804115534, 0.008629423566162586], [1.097617769119097e-05, 0.9999233484268188, 3.79967246999513e-07, 6.534743442898616e-05], [0.12523363530635834, 3.719215868613901e-08, 0.8747653365135193, 1.0436939419378177e-06], [0.0005389191792346537, 7.642850796685252e-09, 2.332256372028496e-05, 0.9994377493858337]]",0.7883854508399963,,,COMPLETE
8,0.23547929152846336,2026-10-04 15:50:12.394752,2026-10-04 15:57:39.952185,0 days 00:07:27.557433,0.11290133559092672,0.015679933916723017,0.0001563510870813345,0.6980686221828205,0.6049716507542575,,"[[0.9952604174613953, 1.7558510307935649e-06, 0.004336503800004721, 0.0004012668796349317], [0.00015199350309558213, 0.9998471736907959, 1.3473807847219632e-08, 9.369066447106889e-07], [0.4234336018562317, 1.0403448413853766e-06, 0.5750519037246704, 0.001513526774942875], [0.28895828127861023, 1.0981458217429463e-05, 0.00010397931328043342, 0.7109267115592957]]",0.8091022372245789,,,COMPLETE
9,,2026-10-04 15:57:40.329937,,,0.5345166110646817,0.011715937392307063,1.5144860262751414e-05,0.6164509917200076,0.9382059110341111,,,,,,RUNNING
10,0.24223285540938377,2026-10-04 16:09:14.255352,2026-10-04 16:16:46.969214,0 days 00:07:32.713862,0.06251373574521749,0.29106359131330695,3.574712922600245e-05,0.5702083881990965,2.678154091306088,,"[[0.9164876341819763, 0.007289730943739414, 0.04506871476769447, 0.031153783202171326], [0.04878551512956619, 0.8882155418395996, 0.04131742939352989, 0.02168162725865841], [0.19446024298667908, 0.01029562670737505, 0.7651455998420715, 0.03009849786758423], [0.17468199133872986, 0.0032021417282521725, 0.009157245047390461, 0.8129586577415466]]",0.8026003837585449,,,COMPLETE
11,0.24388505518436432,2026-10-04 16:16:47.328311,2026-10-04 16:24:25.169010,0 days 00:07:37.840699,0.6845570267272908,0.02557636270591936,8.199449832510987e-05,0.6156442463092597,0.9714875532616384,,"[[0.9933747053146362, 0.0021579177118837833, 0.0040546744130551815, 0.00041273818351328373], [3.610555950217531e-06, 0.9999827742576599, 6.527562618430238e-06, 7.098975402186625e-06], [0.10753265768289566, 9.311582834925503e-05, 0.892128050327301, 0.0002461488184053451], [0.27283963561058044, 0.0019235891522839665, 0.0007649467443116009, 0.7244718074798584]]",0.8017182350158691,,"{""lambda_bal"": 0.6845570267272908, ""lambda_ce"": 0.02557636270591936, ""lr_joint"": 8.199449832510987e-05, ""recon_alpha"": 0.6156442463092597, ""temperature"": 0.9714875532616384}",COMPLETE
12,0.2594357095658779,2026-10-04 16:24:25.599483,2026-10-04 16:30:20.019795,0 days 00:05:54.420312,0.6264278041381319,0.021805516526683718,0.000271687214578547,0.6356317614635527,0.9727662094822093,median,,,,"{""lambda_bal"": 0.6264278041381319, ""lambda_ce"": 0.021805516526683718, ""lr_joint"": 0.000271687214578547, ""recon_alpha"": 0.6356317614635527, ""temperature"": 0.9727662094822093}",PRUNED
13,0.20865612104535103,2026-10-04 16:30:30.623957,2026-10-04 16:38:09.234367,0 days 00:07:38.610410,0.03777453056264021,0.011505527372949756,0.00020920310558079246,0.7032236725879175,0.607262865948409,,"[[0.9868785738945007, 1.64550820045406e-05, 0.002433110261335969, 0.010671829804778099], [0.021505258977413177, 0.9729363918304443, 6.514984306704719e-06, 0.005551799666136503], [0.7516230940818787, 3.702631147461943e-05, 0.2387155443429947, 0.00962434895336628], [0.5950847268104553, 3.6723416997119784e-05, 0.0002712548593990505, 0.40460723638534546]]",0.8305327296257019,,"{""lambda_bal"": 0.03777453056264021, ""lambda_ce"": 0.011505527372949756, ""lr_joint"": 0.00020920310558079246, ""recon_alpha"": 0.7032236725879175, ""temperature"": 0.607262865948409}",COMPLETE
14,0.2436697632074356,2026-10-04 16:38:09.618583,2026-10-04 16:45:46.861877,0 days 00:07:37.243294,0.12549193214306845,0.017156579751890336,0.00010651848761114836,0.8684557052058476,0.7682766254041434,,"[[0.9960843920707703, 0.001423052279278636, 0.0022869864478707314, 0.000205547345103696], [5.372974555939436e-05, 0.9999226927757263, 4.1420339584874455e-06, 1.938073728524614e-05], [0.32460474967956543, 2.0623672753572464e-05, 0.6752830147743225, 9.158704051515087e-05], [0.06485631316900253, 7.172236564656487e-06, 0.00047680962597951293, 0.9346597194671631]]",0.7994731664657593,,"{""lambda_bal"": 0.12549193214306845, ""lambda_ce"": 0.017156579751890336, ""lr_joint"": 0.00010651848761114836, ""recon_alpha"": 0.8684557052058476, ""temperature"": 0.7682766254041434}",COMPLETE
15,0.21695155650377274,2026-10-04 16:45:47.223059,2026-10-04 16:48:15.026528,0 days 00:02:27.803469,0.009531715474909644,0.01595675540376429,0.0002912532528699444,0.717086571899783,0.8392286982130766,routing_collapse,,,,"{""lambda_bal"": 0.009531715474909644, ""lambda_ce"": 0.01595675540376429, ""lr_joint"": 0.0002912532528699444, ""recon_alpha"": 0.717086571899783, ""temperature"": 0.8392286982130766}",PRUNED
16,0.24576232209801674,2026-10-04 16:48:25.557016,2026-10-04 16:56:03.060342,0 days 00:07:37.503326,0.10714668854165664,0.019175308802996994,0.00023643793987769825,0.684408844852376,0.3494725363757942,,"[[0.9973839521408081, 0.002436212496832013, 0.0001779193407855928, 1.8889509192376863e-06], [1.1077244380430784e-05, 0.9999884963035583, 3.442781615348167e-10, 5.018900992581621e-07], [0.32903385162353516, 6.407879560299534e-09, 0.670964777469635, 1.4053807717573363e-06], [0.009043796919286251, 8.350040629637526e-15, 2.691031841095537e-05, 0.9909293055534363]]",0.797965407371521,,"{""lambda_bal"": 0.10714668854165664, ""lambda_ce"": 0.019175308802996994, ""lr_joint"": 0.00023643793987769825, ""recon_alpha"": 0.684408844852376, ""temperature"": 0.3494725363757942}",COMPLETE
17,0.24555932357907295,2026-10-04 16:56:03.416138,2026-10-04 17:03:40.511658,0 days 00:07:37.095520,0.07510073377252424,0.042152099911465284,0.00018113525811629724,0.7684048388189411,1.0270244297169084,,"[[0.9878025054931641, 0.0001223814469994977, 0.008110451512038708, 0.003964722156524658], [0.06753957271575928, 0.9297206997871399, 0.0003660877118818462, 0.002373579191043973], [0.22334441542625427, 5.7069730246439576e-05, 0.7730686068534851, 0.0035298410803079605], [0.2125476747751236, 0.0007954732282087207, 0.0003020325384568423, 0.7863547205924988]]",0.7998247742652893,,"{""lambda_bal"": 0.07510073377252424, ""lambda_ce"": 0.042152099911465284, ""lr_joint"": 0.00018113525811629724, ""recon_alpha"": 0.7684048388189411, ""temperature"": 1.0270244297169084}",COMPLETE
18,0.2314208187162876,2026-10-04 17:03:40.863594,2026-10-04 17:11:18.135505,0 days 00:07:37.271911,0.10589311906381658,0.022469428851017336,0.0002942169088453717,0.6226814988013146,1.1430770213664807,,"[[0.9810924530029297, 0.0002243006747448817, 0.013893770053982735, 0.004789513535797596], [0.017545185983181, 0.9775566458702087, 0.0038397889584302902, 0.001058376976288855], [0.2480383962392807, 0.0007078669732436538, 0.7415972948074341, 0.009656461887061596], [0.22453562915325165, 0.0003394728119019419, 0.001372128026559949, 0.7737526893615723]]",0.81186443567276,,"{""lambda_bal"": 0.10589311906381658, ""lambda_ce"": 0.022469428851017336, ""lr_joint"": 0.0002942169088453717, ""recon_alpha"": 0.6226814988013146, ""temperature"": 1.1430770213664807}",COMPLETE
19,0.2313956543803215,2026-10-04 17:11:18.501992,2026-10-04 17:18:56.631105,0 days 00:07:38.129113,0.18143176622001106,0.02706849379835472,0.00020325733869610115,0.525153516075913,1.2019728766692102,,"[[0.9073962569236755, 0.0015695476904511452, 0.05215120688080788, 0.038883026689291], [0.06485473364591599, 0.8044728636741638, 0.10485243797302246, 0.025819972157478333], [0.3415593206882477, 0.001979166641831398, 0.623913586139679, 0.03254798427224159], [0.3205720782279968, 0.0011881215032190084, 0.003845265367999673, 0.6743945479393005]]",0.8127371072769165,,"{""lambda_bal"": 0.18143176622001106, ""lambda_ce"": 0.02706849379835472, ""lr_joint"": 0.00020325733869610115, ""recon_alpha"": 0.525153516075913, ""temperature"": 1.2019728766692102}",COMPLETE
20,0.2845286801457405,2026-10-04 17:18:56.995842,2026-10-04 17:21:25.542169,0 days 00:02:28.546327,0.3741800262831832,0.04348255925726599,0.000246140516368138,0.6956945391487602,0.5973272466006867,median,,,,"{""lambda_bal"": 0.3741800262831832, ""lambda_ce"": 0.04348255925726599, ""lr_joint"": 0.000246140516368138, ""recon_alpha"": 0.6956945391487602, ""temperature"": 0.5973272466006867}",PRUNED
