number,value,datetime_start,datetime_complete,duration,params_alpha,params_base_channels,params_batch_size,params_dropout,params_latent_channels,params_lr,user_attrs_val_l1,user_attrs_val_psnr,user_attrs_val_ssim,system_attrs_tpe:relative_params:0,state
0,0.6083662062883377,2026-10-03 15:55:37.459891,2026-10-03 15:57:10.533524,0 days 00:01:33.073633,0.8745991883601898,16,16,0.29097295564859826,8,0.0003574712922600243,0.09068690240383148,18.503307342529297,0.4823206961154938,,COMPLETE
1,0.6062962487339973,2026-10-03 15:57:11.039412,2026-10-03 15:58:40.314401,0 days 00:01:29.274989,0.8533291826268561,16,64,0.13682099526511077,8,0.00020589728197687926,0.08245257288217545,18.984359741210938,0.4761563241481781,,COMPLETE
2,0.560613252222538,2026-10-03 15:58:40.818495,2026-10-03 16:00:18.388285,0 days 00:01:37.569790,0.8079048619304705,16,32,0.029301634201915158,16,0.00019721610970574026,0.08193842321634293,19.21930503845215,0.5213251709938049,,COMPLETE
3,0.6084542870521545,2026-10-03 16:00:18.819398,2026-10-03 16:01:56.674606,0 days 00:01:37.855208,0.8488097705125015,16,32,0.29087538832936755,32,0.00044684675025045853,0.08879971504211426,18.67099380493164,0.4803454279899597,,COMPLETE
4,0.5927395820617676,2026-10-03 16:01:57.091194,2026-10-03 16:04:58.088093,0 days 00:03:00.996899,0.6264205293593214,32,64,0.10702599800807679,64,0.002442046084491142,0.09748727083206177,18.17874526977539,0.5047476887702942,,COMPLETE
5,0.5461460649967194,2026-10-03 16:04:58.524220,2026-10-03 16:06:35.850094,0 days 00:01:37.325874,0.5333200932803407,16,32,0.2313811040057837,16,0.000633326877532184,0.08420971035957336,19.054702758789062,0.538063645362854,,COMPLETE
6,0.5404395386576653,2026-10-03 16:06:36.246356,2026-10-03 16:08:15.698057,0 days 00:01:39.451701,0.5538174106722358,16,32,0.14166447754858477,64,0.00033845220412011414,0.08143269270658493,19.43918800354004,0.5409931540489197,,COMPLETE
7,0.5376036316156387,2026-10-03 16:08:16.094598,2026-10-03 16:11:17.550228,0 days 00:03:01.455630,0.7288568110241163,32,64,0.094306794322898,64,0.001131225105716033,0.0826847106218338,19.128097534179688,0.5450810790061951,,COMPLETE
8,0.6615621596574783,2026-10-03 16:11:18.067965,2026-10-03 16:13:57.339741,0 days 00:02:39.271776,0.8616524346046015,48,64,0.2614381770563153,16,0.0021907142272152816,0.09773080050945282,17.6768798828125,0.4361686408519745,,PRUNED
9,0.536543533205986,2026-10-03 16:13:57.755452,2026-10-03 16:15:44.718754,0 days 00:01:46.963302,0.7298362861599046,16,16,0.002085639159357211,64,0.00018861950443028856,0.07956562936306,19.464696884155273,0.543022096157074,,COMPLETE
10,0.5263066738843918,2026-10-03 16:15:45.138298,2026-10-03 16:20:43.196812,0 days 00:04:58.058514,0.6936773220020732,48,16,0.26695253718700107,64,0.00011446987023999696,0.07848750054836273,19.583635330200195,0.552180826663971,"{""alpha"": 0.6936773220020732, ""base_channels"": 48, ""batch_size"": 16, ""dropout"": 0.26695253718700107, ""latent_channels"": 64, ""lr"": 0.00011446987023999696}",COMPLETE
11,0.5147756114602089,2026-10-03 17:42:53.742750,2026-10-03 17:47:21.874533,0 days 00:04:28.131783,0.6936773220020732,48,16,0.266952537187001,64,0.00011446987023999696,0.07810208946466446,19.70924186706543,0.5633264780044556,"{""alpha"": 0.6936773220020732, ""base_channels"": 48, ""batch_size"": 16, ""dropout"": 0.266952537187001, ""latent_channels"": 64, ""lr"": 0.00011446987023999696}",COMPLETE
12,0.5261159166693687,2026-10-03 17:47:22.350662,2026-10-03 17:51:51.671361,0 days 00:04:29.320699,0.7191807058069013,48,16,0.2731673136178886,64,0.0001017619822486273,0.07874288409948349,19.546445846557617,0.5526269674301147,"{""alpha"": 0.7191807058069013, ""base_channels"": 48, ""batch_size"": 16, ""dropout"": 0.2731673136178886, ""latent_channels"": 64, ""lr"": 0.0001017619822486273}",COMPLETE
13,0.46763693541288376,2026-10-03 17:51:52.120262,2026-10-03 17:56:22.230845,0 days 00:04:30.110583,0.7545388892099905,48,16,0.1614725703721498,64,0.0002273917973800478,0.07555817812681198,19.958637237548828,0.6079212427139282,"{""alpha"": 0.7545388892099905, ""base_channels"": 48, ""batch_size"": 16, ""dropout"": 0.1614725703721498, ""latent_channels"": 64, ""lr"": 0.0002273917973800478}",COMPLETE
14,0.5200532898306847,2026-10-03 17:56:22.602229,2026-10-03 18:00:52.353278,0 days 00:04:29.751049,0.8471790802437922,48,16,0.19196980750512813,64,0.00013311722292618408,0.06890275329351425,20.501384735107422,0.5488494634628296,"{""alpha"": 0.8471790802437922, ""base_channels"": 48, ""batch_size"": 16, ""dropout"": 0.19196980750512813, ""latent_channels"": 64, ""lr"": 0.00013311722292618408}",COMPLETE
15,0.4906993806362152,2026-10-03 18:00:52.734270,2026-10-03 18:05:22.239511,0 days 00:04:29.505241,0.5832649752188923,48,16,0.2885379575368702,64,0.00032324322151037045,0.07883158326148987,19.52943229675293,0.5881322026252747,"{""alpha"": 0.5832649752188923, ""base_channels"": 48, ""batch_size"": 16, ""dropout"": 0.2885379575368702, ""latent_channels"": 64, ""lr"": 0.00032324322151037045}",COMPLETE
16,0.4672400802373886,2026-10-03 18:05:22.604070,2026-10-03 18:09:52.233815,0 days 00:04:29.629745,0.5625313151687024,48,16,0.2250202027275607,64,0.0002233966637231828,0.07462064921855927,20.060100555419922,0.6073805689811707,"{""alpha"": 0.5625313151687024, ""base_channels"": 48, ""batch_size"": 16, ""dropout"": 0.2250202027275607, ""latent_channels"": 64, ""lr"": 0.0002233966637231828}",COMPLETE
17,0.4885086417198181,2026-10-03 18:09:52.679197,2026-10-03 18:14:22.017076,0 days 00:04:29.337879,0.7686947829612351,48,16,0.17654052076040094,64,0.0004454166075530506,0.07482510805130005,20.052465438842773,0.5863164663314819,"{""alpha"": 0.7686947829612351, ""base_channels"": 48, ""batch_size"": 16, ""dropout"": 0.17654052076040094, ""latent_channels"": 64, ""lr"": 0.0004454166075530506}",COMPLETE
18,0.456086203455925,2026-10-03 18:14:22.397815,2026-10-03 18:18:52.038325,0 days 00:04:29.640510,0.5082890907740095,48,16,0.2191038368562885,64,0.00042057241220408675,0.07474558055400848,20.134885787963867,0.6186593770980835,"{""alpha"": 0.5082890907740095, ""base_channels"": 48, ""batch_size"": 16, ""dropout"": 0.2191038368562885, ""latent_channels"": 64, ""lr"": 0.00042057241220408675}",COMPLETE
19,0.4802192747592926,2026-10-03 18:18:52.428924,2026-10-03 18:23:22.088431,0 days 00:04:29.659507,0.5323836811676679,48,16,0.21324131578047498,8,0.0005140040368174696,0.07746919989585876,19.842803955078125,0.5972499251365662,"{""alpha"": 0.5323836811676679, ""base_channels"": 48, ""batch_size"": 16, ""dropout"": 0.21324131578047498, ""latent_channels"": 8, ""lr"": 0.0005140040368174696}",COMPLETE
20,0.4625842571258545,2026-10-03 18:23:22.557062,2026-10-03 18:27:53.221842,0 days 00:04:30.664780,0.5898907411109968,48,16,0.20942541914493493,64,0.00023220549565298855,0.07419508695602417,20.06919288635254,0.6116108298301697,"{""alpha"": 0.5898907411109968, ""base_channels"": 48, ""batch_size"": 16, ""dropout"": 0.20942541914493493, ""latent_channels"": 64, ""lr"": 0.00023220549565298855}",COMPLETE
21,0.4666316583752632,2026-10-03 18:27:53.585187,2026-10-03 18:32:23.350242,0 days 00:04:29.765055,0.5086391527081542,48,16,0.22823176527708058,64,0.00019953626673277464,0.07569039613008499,19.957416534423828,0.6090587377548218,"{""alpha"": 0.5086391527081542, ""base_channels"": 48, ""batch_size"": 16, ""dropout"": 0.22823176527708058, ""latent_channels"": 64, ""lr"": 0.00019953626673277464}",COMPLETE
22,0.487077459692955,2026-10-03 18:32:23.724674,2026-10-03 18:36:53.746008,0 days 00:04:30.021334,0.6586778343118317,48,16,0.1944759351823424,8,0.0001715417940525604,0.07614509761333466,19.86913299560547,0.5890676379203796,"{""alpha"": 0.6586778343118317, ""base_channels"": 48, ""batch_size"": 16, ""dropout"": 0.1944759351823424, ""latent_channels"": 8, ""lr"": 0.0001715417940525604}",COMPLETE
23,0.46736137568950653,2026-10-03 18:36:54.114348,2026-10-03 18:41:23.390291,0 days 00:04:29.275943,0.5821387563203378,48,16,0.22495009417998363,64,0.0008347982096554516,0.07506190240383148,20.088380813598633,0.607700526714325,"{""alpha"": 0.5821387563203378, ""base_channels"": 48, ""batch_size"": 16, ""dropout"": 0.22495009417998363, ""latent_channels"": 64, ""lr"": 0.0008347982096554516}",COMPLETE
24,0.6057313606142998,2026-10-03 18:41:23.771086,2026-10-03 18:43:47.604785,0 days 00:02:23.833699,0.5417977793432331,48,64,0.1844882792825965,64,0.00033697417522791435,0.09420441836118698,17.957622528076172,0.4884730577468872,"{""alpha"": 0.5417977793432331, ""base_channels"": 48, ""batch_size"": 64, ""dropout"": 0.1844882792825965, ""latent_channels"": 64, ""lr"": 0.00033697417522791435}",PRUNED
